\BOOKMARK [1][-]{section.1}{Code}{}% 1
\BOOKMARK [2][-]{subsection.1.1}{make\137catalogues.py}{section.1}% 2
\BOOKMARK [3][-]{subsubsection.1.1.1}{magnitude}{subsection.1.1}% 3
\BOOKMARK [3][-]{subsubsection.1.1.2}{weights}{subsection.1.1}% 4
\BOOKMARK [3][-]{subsubsection.1.1.3}{debug}{subsection.1.1}% 5
\BOOKMARK [3][-]{subsubsection.1.1.4}{skip\137randoms}{subsection.1.1}% 6
\BOOKMARK [3][-]{subsubsection.1.1.5}{same\137weights}{subsection.1.1}% 7
\BOOKMARK [2][-]{subsection.1.2}{woftheta.c}{section.1}% 8
\BOOKMARK [2][-]{subsection.1.3}{grid.py}{section.1}% 9
\BOOKMARK [3][-]{subsubsection.1.3.1}{complete}{subsection.1.3}% 10
\BOOKMARK [3][-]{subsubsection.1.3.2}{targeted}{subsection.1.3}% 11
\BOOKMARK [3][-]{subsubsection.1.3.3}{numra}{subsection.1.3}% 12
\BOOKMARK [3][-]{subsubsection.1.3.4}{numdec}{subsection.1.3}% 13
\BOOKMARK [3][-]{subsubsection.1.3.5}{debug=False}{subsection.1.3}% 14
\BOOKMARK [2][-]{subsection.1.4}{grid\137output.py}{section.1}% 15
\BOOKMARK [2][-]{subsection.1.5}{ang\137correction\137calc.py}{section.1}% 16
\BOOKMARK [3][-]{subsubsection.1.5.1}{magnitude}{subsection.1.5}% 17
\BOOKMARK [3][-]{subsubsection.1.5.2}{cell\137weights}{subsection.1.5}% 18
\BOOKMARK [3][-]{subsubsection.1.5.3}{j3\137weights}{subsection.1.5}% 19
\BOOKMARK [3][-]{subsubsection.1.5.4}{debug}{subsection.1.5}% 20
\BOOKMARK [2][-]{subsection.1.6}{show\137results.py}{section.1}% 21
\BOOKMARK [1][-]{section.2}{Correlations and Reproducibility of Results}{}% 22
